
startup.bin: formato do arquivo binary
startup.bin
arquitetura: UNKNOWN!, sinalizações 0x00000000:

começar o endereço 0x00000000

Seções:
Idx Name          Tam.      VMA       LMA       File off  Algn
  0 .data         0000096f  00000000  00000000  00000000  2**0
                  CONTENTS, ALLOC, LOAD, DATA
SYMBOL TABLE:
nenhum símbolo



Desmontagem da seção .data:

00000000 <.data>:
   0:	e59ff018 	ldr	pc, [pc, #24]	; 0x20
   4:	e59ff018 	ldr	pc, [pc, #24]	; 0x24
   8:	e59ff018 	ldr	pc, [pc, #24]	; 0x28
   c:	e59ff018 	ldr	pc, [pc, #24]	; 0x2c
  10:	e59ff018 	ldr	pc, [pc, #24]	; 0x30
  14:	e1a00000 	nop			; (mov r0, r0)
  18:	e59ff018 	ldr	pc, [pc, #24]	; 0x38
  1c:	e59ff018 	ldr	pc, [pc, #24]	; 0x3c
  20:	80000040 	andhi	r0, r0, r0, asr #32
  24:	4030ce24 	eorsmi	ip, r0, r4, lsr #28
  28:	4030ce28 	eorsmi	ip, r0, r8, lsr #28
  2c:	4030ce2c 	eorsmi	ip, r0, ip, lsr #28
  30:	4030ce30 	eorsmi	ip, r0, r0, lsr lr
  34:	e1a00000 	nop			; (mov r0, r0)
  38:	4030ce38 	eorsmi	ip, r0, r8, lsr lr
  3c:	4030ce3c 	eorsmi	ip, r0, ip, lsr lr
  40:	eb00019a 	bl	0x6b0
  44:	e10f0000 	mrs	r0, CPSR
  48:	e3c0001f 	bic	r0, r0, #31
  4c:	e3800013 	orr	r0, r0, #19
  50:	e38000c0 	orr	r0, r0, #192	; 0xc0
  54:	e129f000 	msr	CPSR_fc, r0
  58:	e3a000d3 	mov	r0, #211	; 0xd3
  5c:	e121f000 	msr	CPSR_c, r0
  60:	e59fd0fc 	ldr	sp, [pc, #252]	; 0x164
  64:	e3a000d2 	mov	r0, #210	; 0xd2
  68:	e121f000 	msr	CPSR_c, r0
  6c:	e59fd0f4 	ldr	sp, [pc, #244]	; 0x168
  70:	e3a000d1 	mov	r0, #209	; 0xd1
  74:	e121f000 	msr	CPSR_c, r0
  78:	e59fd0ec 	ldr	sp, [pc, #236]	; 0x16c
  7c:	e3a000db 	mov	r0, #219	; 0xdb
  80:	e121f000 	msr	CPSR_c, r0
  84:	e59fd0e4 	ldr	sp, [pc, #228]	; 0x170
  88:	e3a000d7 	mov	r0, #215	; 0xd7
  8c:	e121f000 	msr	CPSR_c, r0
  90:	e59fd0dc 	ldr	sp, [pc, #220]	; 0x174
  94:	e3a000df 	mov	r0, #223	; 0xdf
  98:	e121f000 	msr	CPSR_c, r0
  9c:	e59fd0d4 	ldr	sp, [pc, #212]	; 0x178
  a0:	e59f00d4 	ldr	r0, [pc, #212]	; 0x17c
  a4:	e59f10d4 	ldr	r1, [pc, #212]	; 0x180
  a8:	e5801000 	str	r1, [r0]
  ac:	e59f00d0 	ldr	r0, [pc, #208]	; 0x184
  b0:	e59f10d0 	ldr	r1, [pc, #208]	; 0x188
  b4:	e5801000 	str	r1, [r0]
  b8:	eb000184 	bl	0x6d0
  bc:	eb000167 	bl	0x660
  c0:	eb0001a4 	bl	0x758
  c4:	eb000035 	bl	0x1a0
  c8:	e10f0000 	mrs	r0, CPSR
  cc:	e3c00080 	bic	r0, r0, #128	; 0x80
  d0:	e129f000 	msr	CPSR_fc, r0
  d4:	e59f00b0 	ldr	r0, [pc, #176]	; 0x18c
  d8:	eb000116 	bl	0x538
  dc:	eb000187 	bl	0x700
  e0:	eb0000d4 	bl	0x438
  e4:	eb000181 	bl	0x6f0
  e8:	eb0000d2 	bl	0x438
  ec:	eafffffa 	b	0xdc
  f0:	e92d480f 	push	{r0, r1, r2, r3, fp, lr}
  f4:	e14fb000 	mrs	fp, SPSR
  f8:	e59f0090 	ldr	r0, [pc, #144]	; 0x190
  fc:	e5901040 	ldr	r1, [r0, #64]	; 0x40
 100:	e201107f 	and	r1, r1, #127	; 0x7f
 104:	e351004b 	cmp	r1, #75	; 0x4b
 108:	0b0001ca 	bleq	0x838
 10c:	e3510048 	cmp	r1, #72	; 0x48
 110:	0b00003d 	bleq	0x20c
 114:	e59f0074 	ldr	r0, [pc, #116]	; 0x190
 118:	e3a01001 	mov	r1, #1
 11c:	e5801048 	str	r1, [r0, #72]	; 0x48
 120:	f57ff04f 	dsb	sy
 124:	e169f00b 	msr	SPSR_fc, fp
 128:	e8fd880f 	ldm	sp!, {r0, r1, r2, r3, fp, pc}^
 12c:	eafffffe 	b	0x12c
 130:	eafffffe 	b	0x130
 134:	e92d5fff 	push	{r0, r1, r2, r3, r4, r5, r6, r7, r8, r9, sl, fp, ip, lr}
 138:	e51e0004 	ldr	r0, [lr, #-4]
 13c:	e3c014ff 	bic	r1, r0, #-16777216	; 0xff000000
 140:	e59f004c 	ldr	r0, [pc, #76]	; 0x194
 144:	eb0000fb 	bl	0x538
 148:	e1a00001 	mov	r0, r1
 14c:	eb0000c8 	bl	0x474
 150:	e59f0040 	ldr	r0, [pc, #64]	; 0x198
 154:	eb0000f7 	bl	0x538
 158:	e8fd9fff 	ldm	sp!, {r0, r1, r2, r3, r4, r5, r6, r7, r8, r9, sl, fp, ip, pc}^
 15c:	eafffffe 	b	0x15c
 160:	eafffffe 	b	0x160
 164:	80001000 	andhi	r1, r0, r0
 168:	80001100 	andhi	r1, r0, r0, lsl #2
 16c:	80001200 	andhi	r1, r0, r0, lsl #4
 170:	80000e00 	andhi	r0, r0, r0, lsl #28
 174:	80000f00 	andhi	r0, r0, r0, lsl #30
 178:	80000d00 	andhi	r0, r0, r0, lsl #26
 17c:	80000038 	andhi	r0, r0, r8, lsr r0
 180:	800000f0 	strdhi	r0, [r0], -r0	; <UNPREDICTABLE>
 184:	80000028 	andhi	r0, r0, r8, lsr #32
 188:	80000134 	andhi	r0, r0, r4, lsr r1
 18c:	800008a0 	andhi	r0, r0, r0, lsr #17
 190:	48200000 	stmdami	r0!, {}	; <UNPREDICTABLE>
 194:	80000918 	andhi	r0, r0, r8, lsl r9
 198:	80000966 	andhi	r0, r0, r6, ror #18
 19c:	00000000 	andeq	r0, r0, r0
 1a0:	e92d4003 	push	{r0, r1, lr}
 1a4:	e59f014c 	ldr	r0, [pc, #332]	; 0x2f8
 1a8:	e3a01001 	mov	r1, #1
 1ac:	e5c01004 	strb	r1, [r0, #4]
 1b0:	e59f0144 	ldr	r0, [pc, #324]	; 0x2fc
 1b4:	e3a01000 	mov	r1, #0
 1b8:	e5c01048 	strb	r1, [r0, #72]	; 0x48
 1bc:	e59f013c 	ldr	r0, [pc, #316]	; 0x300
 1c0:	e3a01c01 	mov	r1, #256	; 0x100
 1c4:	e58010c8 	str	r1, [r0, #200]	; 0xc8
 1c8:	e8bd8003 	pop	{r0, r1, pc}
 1cc:	e92d4006 	push	{r1, r2, lr}
 1d0:	e59f1120 	ldr	r1, [pc, #288]	; 0x2f8
 1d4:	e5912014 	ldr	r2, [r1, #20]
 1d8:	e2022020 	and	r2, r2, #32
 1dc:	e3520000 	cmp	r2, #0
 1e0:	0afffffb 	beq	0x1d4
 1e4:	e5c10000 	strb	r0, [r1]
 1e8:	e8bd8006 	pop	{r1, r2, pc}
 1ec:	e92d4006 	push	{r1, r2, lr}
 1f0:	e59f1100 	ldr	r1, [pc, #256]	; 0x2f8
 1f4:	e5912014 	ldr	r2, [r1, #20]
 1f8:	e2022001 	and	r2, r2, #1
 1fc:	e3520000 	cmp	r2, #0
 200:	0afffffb 	beq	0x1f4
 204:	e5d10000 	ldrb	r0, [r1]
 208:	e8bd8006 	pop	{r1, r2, pc}
 20c:	e92d400f 	push	{r0, r1, r2, r3, lr}
 210:	e28f20d9 	add	r2, pc, #217	; 0xd9
 214:	e5d23000 	ldrb	r3, [r2]
 218:	e3530000 	cmp	r3, #0
 21c:	0b000148 	bleq	0x744
 220:	059f00dc 	ldreq	r0, [pc, #220]	; 0x304
 224:	0b0000c3 	bleq	0x538
 228:	ebffffef 	bl	0x1ec
 22c:	ebffffe6 	bl	0x1cc
 230:	e350000d 	cmp	r0, #13
 234:	03a00000 	moveq	r0, #0
 238:	0a000003 	beq	0x24c
 23c:	e3500030 	cmp	r0, #48	; 0x30
 240:	3a00000d 	bcc	0x27c
 244:	e3500039 	cmp	r0, #57	; 0x39
 248:	8a00000b 	bhi	0x27c
 24c:	e59f10b4 	ldr	r1, [pc, #180]	; 0x308
 250:	e7c10003 	strb	r0, [r1, r3]
 254:	e2833001 	add	r3, r3, #1
 258:	e5c23000 	strb	r3, [r2]
 25c:	e3500000 	cmp	r0, #0
 260:	1a000005 	bne	0x27c
 264:	e3a03000 	mov	r3, #0
 268:	e5c23000 	strb	r3, [r2]
 26c:	eb000018 	bl	0x2d4
 270:	eb000002 	bl	0x280
 274:	eb000172 	bl	0x844
 278:	eb000136 	bl	0x758
 27c:	e8bd800f 	pop	{r0, r1, r2, r3, pc}
 280:	e92d400e 	push	{r1, r2, r3, lr}
 284:	e59f107c 	ldr	r1, [pc, #124]	; 0x308
 288:	e3a02000 	mov	r2, #0
 28c:	e3a03000 	mov	r3, #0
 290:	e4d10001 	ldrb	r0, [r1], #1
 294:	eb000070 	bl	0x45c
 298:	e1a03203 	lsl	r3, r3, #4
 29c:	e1833000 	orr	r3, r3, r0
 2a0:	e3520004 	cmp	r2, #4
 2a4:	92822001 	addls	r2, r2, #1
 2a8:	9afffff8 	bls	0x290
 2ac:	e1a00003 	mov	r0, r3
 2b0:	e8bd800e 	pop	{r1, r2, r3, pc}
 2b4:	e92d4001 	push	{r0, lr}
 2b8:	e59f004c 	ldr	r0, [pc, #76]	; 0x30c
 2bc:	eb00009d 	bl	0x538
 2c0:	e59f0040 	ldr	r0, [pc, #64]	; 0x308
 2c4:	eb00009b 	bl	0x538
 2c8:	e59f0040 	ldr	r0, [pc, #64]	; 0x310
 2cc:	eb000099 	bl	0x538
 2d0:	e8bd8001 	pop	{r0, pc}
 2d4:	e92d4001 	push	{r0, lr}
 2d8:	e59f0030 	ldr	r0, [pc, #48]	; 0x310
 2dc:	eb000095 	bl	0x538
 2e0:	e8bd8001 	pop	{r0, pc}
 2e4:	203e0d0a 	eorscs	r0, lr, sl, lsl #26
 2e8:	000d0a00 	andeq	r0, sp, r0, lsl #20
 2ec:	203e2d0a 	eorscs	r2, lr, sl, lsl #26
	...
 2f8:	44e09000 	strbtmi	r9, [r0], #0
 2fc:	48200100 	stmdami	r0!, {r8}
 300:	48200000 	stmdami	r0!, {}	; <UNPREDICTABLE>
 304:	800002e4 	andhi	r0, r0, r4, ror #5
 308:	80000980 	andhi	r0, r0, r0, lsl #19
 30c:	800002ec 	andhi	r0, r0, ip, ror #5
 310:	800002e9 	andhi	r0, r0, r9, ror #5
	...
 320:	e92d4007 	push	{r0, r1, r2, lr}
 324:	e3a02000 	mov	r2, #0
 328:	e3a0100a 	mov	r1, #10
 32c:	e1500001 	cmp	r0, r1
 330:	ba000003 	blt	0x344
 334:	eb000012 	bl	0x384
 338:	e92d0002 	stmfd	sp!, {r1}
 33c:	e2822001 	add	r2, r2, #1
 340:	eafffff8 	b	0x328
 344:	e2800030 	add	r0, r0, #48	; 0x30
 348:	ebffff9f 	bl	0x1cc
 34c:	e3520000 	cmp	r2, #0
 350:	da000002 	ble	0x360
 354:	e2422001 	sub	r2, r2, #1
 358:	e8bd0001 	ldmfd	sp!, {r0}
 35c:	eafffff8 	b	0x344
 360:	e8bd8007 	pop	{r0, r1, r2, pc}
 364:	e92d401c 	push	{r2, r3, r4, lr}
 368:	e1a02001 	mov	r2, r1
 36c:	e0833000 	add	r3, r3, r0
 370:	e3520001 	cmp	r2, #1
 374:	e2422001 	sub	r2, r2, #1
 378:	1afffffb 	bne	0x36c
 37c:	e1a00003 	mov	r0, r3
 380:	e8bd801c 	pop	{r2, r3, r4, pc}
 384:	e92d401c 	push	{r2, r3, r4, lr}
 388:	e1a02000 	mov	r2, r0
 38c:	e1a03001 	mov	r3, r1
 390:	e3a00000 	mov	r0, #0
 394:	e1520003 	cmp	r2, r3
 398:	ba000002 	blt	0x3a8
 39c:	e0422003 	sub	r2, r2, r3
 3a0:	e2800001 	add	r0, r0, #1
 3a4:	eafffffa 	b	0x394
 3a8:	e1a01002 	mov	r1, r2
 3ac:	e8bd801c 	pop	{r2, r3, r4, pc}
 3b0:	e92d4007 	push	{r0, r1, r2, lr}
 3b4:	e0811000 	add	r1, r1, r0
 3b8:	e3a02000 	mov	r2, #0
 3bc:	e1500001 	cmp	r0, r1
 3c0:	b4802004 	strlt	r2, [r0], #4
 3c4:	bafffffc 	blt	0x3bc
 3c8:	e8bd8007 	pop	{r0, r1, r2, pc}
 3cc:	e92d400f 	push	{r0, r1, r2, r3, lr}
 3d0:	e1a02000 	mov	r2, r0
 3d4:	e1a03001 	mov	r3, r1
 3d8:	e59f0250 	ldr	r0, [pc, #592]	; 0x630
 3dc:	e3a01002 	mov	r1, #2
 3e0:	fb000067 	blx	0x586
 3e4:	e1a00002 	mov	r0, r2
 3e8:	eb000021 	bl	0x474
 3ec:	e59f0240 	ldr	r0, [pc, #576]	; 0x634
 3f0:	e3a01005 	mov	r1, #5
 3f4:	fb000062 	blx	0x586
 3f8:	e59f0230 	ldr	r0, [pc, #560]	; 0x630
 3fc:	e3a01002 	mov	r1, #2
 400:	fb00005f 	blx	0x586
 404:	e4920004 	ldr	r0, [r2], #4
 408:	eb000019 	bl	0x474
 40c:	e59f0224 	ldr	r0, [pc, #548]	; 0x638
 410:	e3a01002 	mov	r1, #2
 414:	fb00005a 	blx	0x586
 418:	e2533004 	subs	r3, r3, #4
 41c:	1affffed 	bne	0x3d8
 420:	e8bd800f 	pop	{r0, r1, r2, r3, pc}
 424:	e3e0120f 	mvn	r1, #-268435456	; 0xf0000000
 428:	e2411001 	sub	r1, r1, #1
 42c:	e3510000 	cmp	r1, #0
 430:	1afffffc 	bne	0x428
 434:	e12fff1e 	bx	lr
 438:	e92d4007 	push	{r0, r1, r2, lr}
 43c:	e59f01f8 	ldr	r0, [pc, #504]	; 0x63c
 440:	e5d01000 	ldrb	r1, [r0]
 444:	e5d02000 	ldrb	r2, [r0]
 448:	e1520001 	cmp	r2, r1
 44c:	0afffffc 	beq	0x444
 450:	e8bd8007 	pop	{r0, r1, r2, pc}
 454:	e2800030 	add	r0, r0, #48	; 0x30
 458:	e12fff1e 	bx	lr
 45c:	e2400030 	sub	r0, r0, #48	; 0x30
 460:	e12fff1e 	bx	lr
 464:	e92d4007 	push	{r0, r1, r2, lr}
 468:	e59f11d0 	ldr	r1, [pc, #464]	; 0x640
 46c:	e7d10000 	ldrb	r0, [r1, r0]
 470:	e8bd8007 	pop	{r0, r1, r2, pc}
 474:	e92d400f 	push	{r0, r1, r2, r3, lr}
 478:	e1a01000 	mov	r1, r0
 47c:	e3a00000 	mov	r0, #0
 480:	e3a0301c 	mov	r3, #28
 484:	e59f21b4 	ldr	r2, [pc, #436]	; 0x640
 488:	e1a00331 	lsr	r0, r1, r3
 48c:	e200000f 	and	r0, r0, #15
 490:	e7d20000 	ldrb	r0, [r2, r0]
 494:	ebffff4c 	bl	0x1cc
 498:	e2533004 	subs	r3, r3, #4
 49c:	1afffff9 	bne	0x488
 4a0:	e1a00001 	mov	r0, r1
 4a4:	e200000f 	and	r0, r0, #15
 4a8:	e7d20000 	ldrb	r0, [r2, r0]
 4ac:	ebffff46 	bl	0x1cc
 4b0:	e8bd800f 	pop	{r0, r1, r2, r3, pc}
 4b4:	e92d400e 	push	{r1, r2, r3, lr}
 4b8:	e1a02000 	mov	r2, r0
 4bc:	e3a00000 	mov	r0, #0
 4c0:	e3510000 	cmp	r1, #0
 4c4:	0a000003 	beq	0x4d8
 4c8:	e4d23001 	ldrb	r3, [r2], #1
 4cc:	e0800003 	add	r0, r0, r3
 4d0:	e2411001 	sub	r1, r1, #1
 4d4:	eafffff9 	b	0x4c0
 4d8:	e8bd800e 	pop	{r1, r2, r3, pc}
 4dc:	e92d401e 	push	{r1, r2, r3, r4, lr}
 4e0:	e1a04001 	mov	r4, r1
 4e4:	e1a01002 	mov	r1, r2
 4e8:	ebfffff1 	bl	0x4b4
 4ec:	e1a03000 	mov	r3, r0
 4f0:	e1a00004 	mov	r0, r4
 4f4:	ebffffee 	bl	0x4b4
 4f8:	e0430000 	sub	r0, r3, r0
 4fc:	e8bd801e 	pop	{r1, r2, r3, r4, pc}
 500:	e92d407e 	push	{r1, r2, r3, r4, r5, r6, lr}
 504:	e1a03000 	mov	r3, r0
 508:	e1a04001 	mov	r4, r1
 50c:	e1a00002 	mov	r0, r2
 510:	e3520000 	cmp	r2, #0
 514:	0a000006 	beq	0x534
 518:	e4d35001 	ldrb	r5, [r3], #1
 51c:	e4d46001 	ldrb	r6, [r4], #1
 520:	e1550006 	cmp	r5, r6
 524:	1a000002 	bne	0x534
 528:	e2400001 	sub	r0, r0, #1
 52c:	e2422001 	sub	r2, r2, #1
 530:	eafffff6 	b	0x510
 534:	e8bd807e 	pop	{r1, r2, r3, r4, r5, r6, pc}
 538:	e92d4007 	push	{r0, r1, r2, lr}
 53c:	e1a01000 	mov	r1, r0
 540:	e4d10001 	ldrb	r0, [r1], #1
 544:	e20000ff 	and	r0, r0, #255	; 0xff
 548:	e3500000 	cmp	r0, #0
 54c:	0a000001 	beq	0x558
 550:	ebffff1d 	bl	0x1cc
 554:	eafffff9 	b	0x540
 558:	e8bd8007 	pop	{r0, r1, r2, pc}
 55c:	e92d4006 	push	{r1, r2, lr}
 560:	e59f10dc 	ldr	r1, [pc, #220]	; 0x644
 564:	e1a02001 	mov	r2, r1
 568:	e4d21001 	ldrb	r1, [r2], #1
 56c:	e20110ff 	and	r1, r1, #255	; 0xff
 570:	e3510000 	cmp	r1, #0
 574:	0a000001 	beq	0x580
 578:	ebffff13 	bl	0x1cc
 57c:	eafffff9 	b	0x568
 580:	e8bd8006 	pop	{r1, r2, pc}
 584:	0700203e 	smladxeq	r0, lr, r0, r2
 588:	00e92d40 	rsceq	r2, r9, r0, asr #26
 58c:	01e1a020 	mvneq	sl, r0, lsr #32
 590:	0ce4d200 	sfmeq	f5, 3, [r4]
 594:	01ebffff 	strdeq	pc, [fp, #255]!	; 0xff
 598:	00e25110 	rsceq	r5, r2, r0, lsl r1
 59c:	fa0a0000 	blx	0x2805a4
 5a0:	07eaffff 			; <UNDEFINED> instruction: 0x07eaffff
 5a4:	99e8bd80 	stmibls	r8!, {r7, r8, sl, fp, ip, sp, pc}^
 5a8:	f0e59fc0 			; <UNDEFINED> instruction: 0xf0e59fc0
 5ac:	00e8ac4f 	rsceq	sl, r8, pc, asr #24
 5b0:	00e1a040 	rsceq	sl, r1, r0, asr #32
 5b4:	01e3a050 	mvneq	sl, r0, asr r0
 5b8:	25e4d400 	strbcs	sp, [r4, #1024]!	; 0x400
 5bc:	03e35000 	mvneq	r5, #0
 5c0:	000a0000 	andeq	r0, sl, r0
 5c4:	17e35000 	strbne	r5, [r3, r0]!
 5c8:	fe0a0000 	cdp2	0, 0, cr0, cr10, cr0, {0}
 5cc:	f8ebfffe 			; <UNDEFINED> instruction: 0xf8ebfffe
 5d0:	01eaffff 	strdeq	pc, [sl, #255]!	; 0xff
 5d4:	01e28550 	mvneq	r8, r0, asr r5
 5d8:	01e35500 	mvneq	r5, r0, lsl #10
 5dc:	0601a000 	streq	sl, [r1], -r0
 5e0:	020a0000 	andeq	r0, sl, #0
 5e4:	02e35500 	rsceq	r5, r3, #0, 10
 5e8:	0301a000 	movweq	sl, #4096	; 0x1000
 5ec:	030a0000 	movweq	r0, #40960	; 0xa000
 5f0:	03e35500 	mvneq	r5, #0, 10
 5f4:	0001a000 	andeq	sl, r1, r0
 5f8:	010a0000 	mrseq	r0, (UNDEF: 10)
 5fc:	01e8bd00 	mvneq	fp, r0, lsl #26
 600:	73e4d460 	mvnvc	sp, #96, 8	; 0x60000000
 604:	3de35600 	stclcc	6, cr5, [r3]
 608:	64059f70 	strvs	r9, [r5], #-3952	; 0xfffff090
 60c:	39e35600 	stmibcc	r3!, {r9, sl, ip, lr}^
 610:	63059f70 	movwvs	r9, #24432	; 0x5f70
 614:	35e35600 	strbcc	r5, [r3, #1536]!	; 0x600
 618:	78059f70 	stmdavc	r5, {r4, r5, r6, r8, r9, sl, fp, ip, pc}
 61c:	31e35600 	mvncc	r5, r0, lsl #12
 620:	37059f70 	smlsdxcc	r5, r0, pc, r9	; <UNPREDICTABLE>
 624:	e2e12fff 	rsc	r2, r1, #1020	; 0x3fc
 628:	f0eaffff 			; <UNDEFINED> instruction: 0xf0eaffff
 62c:	00e93c8f 	rsceq	r3, r9, pc, lsl #25
 630:	80000963 	andhi	r0, r0, r3, ror #18
 634:	80000969 	andhi	r0, r0, r9, ror #18
 638:	80000966 	andhi	r0, r0, r6, ror #18
 63c:	44e3e000 	strbtmi	lr, [r3], #0
 640:	80000936 	andhi	r0, r0, r6, lsr r9
 644:	80000584 	andhi	r0, r0, r4, lsl #11
 648:	80000990 	mulhi	r0, r0, r9
 64c:	80000538 	andhi	r0, r0, r8, lsr r5
 650:	80000320 	andhi	r0, r0, r0, lsr #6
 654:	800001cc 	andhi	r0, r0, ip, asr #3
 658:	80000474 	andhi	r0, r0, r4, ror r4
 65c:	00000000 	andeq	r0, r0, r0
 660:	e92d4003 	push	{r0, r1, lr}
 664:	e59f002c 	ldr	r0, [pc, #44]	; 0x698
 668:	e59f102c 	ldr	r1, [pc, #44]	; 0x69c
 66c:	e5801048 	str	r1, [r0, #72]	; 0x48
 670:	eb000003 	bl	0x684
 674:	e59f1024 	ldr	r1, [pc, #36]	; 0x6a0
 678:	e5801048 	str	r1, [r0, #72]	; 0x48
 67c:	eb000000 	bl	0x684
 680:	e8bd8003 	pop	{r0, r1, pc}
 684:	e5901034 	ldr	r1, [r0, #52]	; 0x34
 688:	e2011010 	and	r1, r1, #16
 68c:	e3510000 	cmp	r1, #0
 690:	1afffffb 	bne	0x684
 694:	e12fff1e 	bx	lr
 698:	44e35000 	strbtmi	r5, [r3], #0
 69c:	0000aaaa 	andeq	sl, r0, sl, lsr #21
 6a0:	00005555 	andeq	r5, r0, r5, asr r5
	...
 6b0:	e92d4007 	push	{r0, r1, r2, lr}
 6b4:	ee110f10 	mrc	15, 0, r0, cr1, cr0, {0}
 6b8:	e3c00a02 	bic	r0, r0, #8192	; 0x2000
 6bc:	ee010f10 	mcr	15, 0, r0, cr1, cr0, {0}
 6c0:	e59f0004 	ldr	r0, [pc, #4]	; 0x6cc
 6c4:	ee0c0f10 	mcr	15, 0, r0, cr12, cr0, {0}
 6c8:	e8bd8007 	pop	{r0, r1, r2, pc}
 6cc:	80000000 	andhi	r0, r0, r0
 6d0:	e59f0038 	ldr	r0, [pc, #56]	; 0x710
 6d4:	e59f1038 	ldr	r1, [pc, #56]	; 0x714
 6d8:	e5801000 	str	r1, [r0]
 6dc:	e59f0034 	ldr	r0, [pc, #52]	; 0x718
 6e0:	e5901000 	ldr	r1, [r0]
 6e4:	e3c1161e 	bic	r1, r1, #31457280	; 0x1e00000
 6e8:	e5801000 	str	r1, [r0]
 6ec:	e12fff1e 	bx	lr
 6f0:	e59f0024 	ldr	r0, [pc, #36]	; 0x71c
 6f4:	e3a01602 	mov	r1, #2097152	; 0x200000
 6f8:	e5801000 	str	r1, [r0]
 6fc:	e12fff1e 	bx	lr
 700:	e59f0018 	ldr	r0, [pc, #24]	; 0x720
 704:	e3a01602 	mov	r1, #2097152	; 0x200000
 708:	e5801000 	str	r1, [r0]
 70c:	e12fff1e 	bx	lr
 710:	44e000ac 	strbtmi	r0, [r0], #172	; 0xac
 714:	00040002 	andeq	r0, r4, r2
 718:	4804c134 	stmdami	r4, {r2, r4, r5, r8, lr, pc}
 71c:	4804c194 	stmdami	r4, {r2, r4, r7, r8, lr, pc}
 720:	4804c190 	stmdami	r4, {r4, r7, r8, lr, pc}
	...
 730:	e92d4003 	push	{r0, r1, lr}
 734:	e59f013c 	ldr	r0, [pc, #316]	; 0x878
 738:	e3a01001 	mov	r1, #1
 73c:	e5801040 	str	r1, [r0, #64]	; 0x40
 740:	e8bd8003 	pop	{r0, r1, pc}
 744:	e92d4003 	push	{r0, r1, lr}
 748:	e59f0128 	ldr	r0, [pc, #296]	; 0x878
 74c:	e3a01000 	mov	r1, #0
 750:	e5801040 	str	r1, [r0, #64]	; 0x40
 754:	e8bd8003 	pop	{r0, r1, pc}
 758:	e92d4003 	push	{r0, r1, lr}
 75c:	e59f0118 	ldr	r0, [pc, #280]	; 0x87c
 760:	e3a01002 	mov	r1, #2
 764:	e5801000 	str	r1, [r0]
 768:	e59f0110 	ldr	r0, [pc, #272]	; 0x880
 76c:	e5801000 	str	r1, [r0]
 770:	e59f0100 	ldr	r0, [pc, #256]	; 0x878
 774:	e59f1108 	ldr	r1, [pc, #264]	; 0x884
 778:	e580106c 	str	r1, [r0, #108]	; 0x6c
 77c:	e59f1104 	ldr	r1, [pc, #260]	; 0x888
 780:	e5801070 	str	r1, [r0, #112]	; 0x70
 784:	e3a01048 	mov	r1, #72	; 0x48
 788:	e5801054 	str	r1, [r0, #84]	; 0x54
 78c:	e3a01004 	mov	r1, #4
 790:	e5801048 	str	r1, [r0, #72]	; 0x48
 794:	e59f00dc 	ldr	r0, [pc, #220]	; 0x878
 798:	e3a01001 	mov	r1, #1
 79c:	e5801040 	str	r1, [r0, #64]	; 0x40
 7a0:	e5901044 	ldr	r1, [r0, #68]	; 0x44
 7a4:	e2011001 	and	r1, r1, #1
 7a8:	e3510000 	cmp	r1, #0
 7ac:	1afffffb 	bne	0x7a0
 7b0:	e59f00d4 	ldr	r0, [pc, #212]	; 0x88c
 7b4:	e3a01001 	mov	r1, #1
 7b8:	e5c0104b 	strb	r1, [r0, #75]	; 0x4b
 7bc:	e59f00cc 	ldr	r0, [pc, #204]	; 0x890
 7c0:	e3a01b02 	mov	r1, #2048	; 0x800
 7c4:	e58010c8 	str	r1, [r0, #200]	; 0xc8
 7c8:	e8bd8003 	pop	{r0, r1, pc}
 7cc:	e92d4007 	push	{r0, r1, r2, lr}
 7d0:	e1a02000 	mov	r2, r0
 7d4:	e2020070 	and	r0, r2, #112	; 0x70
 7d8:	e1a00220 	lsr	r0, r0, #4
 7dc:	ebffff1c 	bl	0x454
 7e0:	ebfffe79 	bl	0x1cc
 7e4:	e202000f 	and	r0, r2, #15
 7e8:	e2800030 	add	r0, r0, #48	; 0x30
 7ec:	ebfffe76 	bl	0x1cc
 7f0:	e8bd8007 	pop	{r0, r1, r2, pc}
 7f4:	e92d4007 	push	{r0, r1, r2, lr}
 7f8:	e59f1078 	ldr	r1, [pc, #120]	; 0x878
 7fc:	e3a00020 	mov	r0, #32
 800:	ebfffe71 	bl	0x1cc
 804:	e5910008 	ldr	r0, [r1, #8]
 808:	ebffffef 	bl	0x7cc
 80c:	e3a0003a 	mov	r0, #58	; 0x3a
 810:	ebfffe6d 	bl	0x1cc
 814:	e5910004 	ldr	r0, [r1, #4]
 818:	ebffffeb 	bl	0x7cc
 81c:	e3a0003a 	mov	r0, #58	; 0x3a
 820:	ebfffe69 	bl	0x1cc
 824:	e5910000 	ldr	r0, [r1]
 828:	ebffffe7 	bl	0x7cc
 82c:	e3a0000d 	mov	r0, #13
 830:	ebfffe65 	bl	0x1cc
 834:	e8bd8007 	pop	{r0, r1, r2, pc}
 838:	e92d4007 	push	{r0, r1, r2, lr}
 83c:	ebffffec 	bl	0x7f4
 840:	e8bd8007 	pop	{r0, r1, r2, pc}
 844:	e92d400f 	push	{r0, r1, r2, r3, lr}
 848:	e59f1028 	ldr	r1, [pc, #40]	; 0x878
 84c:	e1a02000 	mov	r2, r0
 850:	e1a00820 	lsr	r0, r0, #16
 854:	e5c10008 	strb	r0, [r1, #8]
 858:	e1a00002 	mov	r0, r2
 85c:	e1a00420 	lsr	r0, r0, #8
 860:	e20000ff 	and	r0, r0, #255	; 0xff
 864:	e5c10004 	strb	r0, [r1, #4]
 868:	e1a00002 	mov	r0, r2
 86c:	e20000ff 	and	r0, r0, #255	; 0xff
 870:	e5c10000 	strb	r0, [r1]
 874:	e8bd800f 	pop	{r0, r1, r2, r3, pc}
 878:	44e3e000 	strbtmi	lr, [r3], #0
 87c:	44e00804 	strbtmi	r0, [r0], #2052	; 0x804
 880:	44e00800 	strbtmi	r0, [r0], #2048	; 0x800
 884:	83e70b13 	mvnhi	r0, #19456	; 0x4c00
 888:	95a4f1e0 	strls	pc, [r4, #480]!	; 0x1e0
 88c:	48200100 	stmdami	r0!, {r8}
 890:	48200000 	stmdami	r0!, {}	; <UNPREDICTABLE>
	...
 8a0:	69676964 	stmdbvs	r7!, {r2, r5, r6, r8, fp, sp, lr}^
 8a4:	6f206574 	svcvs	0x00206574
 8a8:	726f6820 	rsbvc	r6, pc, #32, 16	; 0x200000
 8ac:	6972a1c3 	ldmdbvs	r2!, {r0, r1, r6, r7, r8, sp, pc}^
 8b0:	6564206f 	strbvs	r2, [r4, #-111]!	; 0xffffff91
 8b4:	616a6573 	smcvs	42579	; 0xa653
 8b8:	61206f64 			; <UNDEFINED> instruction: 0x61206f64
 8bc:	78696162 	stmdavc	r9!, {r1, r5, r6, r8, sp, lr}^
 8c0:	0a203a6f 	beq	0x80f284
 8c4:	203e000d 	eorscs	r0, lr, sp
 8c8:	51524900 	cmppl	r2, r0, lsl #18
 8cc:	646f4d20 	strbtvs	r4, [pc], #-3360	; 0x8d4
 8d0:	0d0a2165 	stfeqs	f2, [sl, #-404]	; 0xfffffe6c
 8d4:	51494600 	cmppl	r9, r0, lsl #12
 8d8:	646f4d20 	strbtvs	r4, [pc], #-3360	; 0x8e0
 8dc:	0d0a2165 	stfeqs	f2, [sl, #-404]	; 0xfffffe6c
 8e0:	65725000 	ldrbvs	r5, [r2, #-0]!
 8e4:	63746566 	cmnvs	r4, #427819008	; 0x19800000
 8e8:	62412068 	subvs	r2, r1, #104	; 0x68
 8ec:	2174726f 	cmncs	r4, pc, ror #4
 8f0:	44000d0a 	strmi	r0, [r0], #-3338	; 0xfffff2f6
 8f4:	20617461 	rsbcs	r7, r1, r1, ror #8
 8f8:	726f6241 	rsbvc	r6, pc, #268435460	; 0x10000004
 8fc:	0d0a2174 	stfeqs	f2, [sl, #-464]	; 0xfffffe30
 900:	646e5500 	strbtvs	r5, [lr], #-1280	; 0xfffffb00
 904:	6e696665 	cdpvs	6, 6, cr6, cr9, cr5, {3}
 908:	45206465 	strmi	r6, [r0, #-1125]!	; 0xfffffb9b
 90c:	70656378 	rsbvc	r6, r5, r8, ror r3
 910:	6e6f6974 			; <UNDEFINED> instruction: 0x6e6f6974
 914:	000d0a21 	andeq	r0, sp, r1, lsr #20
 918:	74666f53 	strbtvc	r6, [r6], #-3923	; 0xfffff0ad
 91c:	65726177 	ldrbvs	r6, [r2, #-375]!	; 0xfffffe89
 920:	746e4920 	strbtvc	r4, [lr], #-2336	; 0xfffff6e0
 924:	75727265 	ldrbvc	r7, [r2, #-613]!	; 0xfffffd9b
 928:	4e207470 	mcrmi	4, 1, r7, cr0, cr0, {3}
 92c:	65626d75 	strbvs	r6, [r2, #-3445]!	; 0xfffff28b
 930:	0a203a72 	beq	0x80f300
 934:	3130000d 	teqcc	r0, sp
 938:	35343332 	ldrcc	r3, [r4, #-818]!	; 0xfffffcce
 93c:	39383736 	ldmdbcc	r8!, {r1, r2, r4, r5, r8, r9, sl, ip, sp}
 940:	44434241 	strbmi	r4, [r3], #-577	; 0xfffffdbf
 944:	2d004645 	stccs	6, cr4, [r0, #-276]	; 0xfffffeec
 948:	2d2d2d2d 	stccs	13, cr2, [sp, #-180]!	; 0xffffff4c
 94c:	2d2d2d2d 	stccs	13, cr2, [sp, #-180]!	; 0xffffff4c
 950:	2d2d2d2d 	stccs	13, cr2, [sp, #-180]!	; 0xffffff4c
 954:	2d2d2d2d 	stccs	13, cr2, [sp, #-180]!	; 0xffffff4c
 958:	2d2d2d2d 	stccs	13, cr2, [sp, #-180]!	; 0xffffff4c
 95c:	2d2d2d2d 	stccs	13, cr2, [sp, #-180]!	; 0xffffff4c
 960:	30000d0a 	andcc	r0, r0, sl, lsl #26
 964:	0d0a0078 	stceq	0, cr0, [sl, #-480]	; 0xfffffe20
 968:	3a202000 	bcc	0x808970
 96c:	Address 0x000000000000096c is out of bounds.

